<?xml version="1.0" encoding="UTF-8"?>
<!-- Generated by org.testng.reporters.JUnitReportReporter -->
<testsuite skipped="0" hostname="Manasa" name="seleniumcodingday3.SeleniumTestScript" tests="1" failures="0" timestamp="07 Nov 2017 15:59:40 GMT" time="25.091" errors="0">
  <testcase name="webDriverCommands3" time="25.091" classname="seleniumcodingday3.SeleniumTestScript"/>
</testsuite> <!-- seleniumcodingday3.SeleniumTestScript -->
